{"name":"Runs Cucumber Feature","status":"broken","statusDetails":{"known":false,"muted":false,"flaky":false,"message":"cucumber.runtime.CucumberException: Failed to instantiate class com.automation.qa.steps.mobile.HomeScreenSteps","trace":"cucumber.runtime.CucumberException: cucumber.runtime.CucumberException: Failed to instantiate class com.automation.qa.steps.mobile.HomeScreenSteps\n\tat cucumber.api.testng.TestNGCucumberRunner.runCucumber(TestNGCucumberRunner.java:69)\n\tat cucumber.api.testng.AbstractTestNGCucumberTests.feature(AbstractTestNGCucumberTests.java:21)\n\tat sun.reflect.NativeMethodAccessorImpl.invoke0(Native Method)\n\tat sun.reflect.NativeMethodAccessorImpl.invoke(NativeMethodAccessorImpl.java:62)\n\tat sun.reflect.DelegatingMethodAccessorImpl.invoke(DelegatingMethodAccessorImpl.java:43)\n\tat java.lang.reflect.Method.invoke(Method.java:498)\n\tat org.testng.internal.MethodInvocationHelper.invokeMethod(MethodInvocationHelper.java:124)\n\tat org.testng.internal.Invoker.invokeMethod(Invoker.java:583)\n\tat org.testng.internal.Invoker.invokeTestMethod(Invoker.java:719)\n\tat org.testng.internal.Invoker.invokeTestMethods(Invoker.java:989)\n\tat org.testng.internal.TestMethodWorker.invokeTestMethods(TestMethodWorker.java:125)\n\tat org.testng.internal.TestMethodWorker.run(TestMethodWorker.java:109)\n\tat org.testng.TestRunner.privateRun(TestRunner.java:648)\n\tat org.testng.TestRunner.run(TestRunner.java:505)\n\tat org.testng.SuiteRunner.runTest(SuiteRunner.java:455)\n\tat org.testng.SuiteRunner.runSequentially(SuiteRunner.java:450)\n\tat org.testng.SuiteRunner.privateRun(SuiteRunner.java:415)\n\tat org.testng.SuiteRunner.run(SuiteRunner.java:364)\n\tat org.testng.SuiteRunnerWorker.runSuite(SuiteRunnerWorker.java:52)\n\tat org.testng.SuiteRunnerWorker.run(SuiteRunnerWorker.java:84)\n\tat org.testng.TestNG.runSuitesSequentially(TestNG.java:1208)\n\tat org.testng.TestNG.runSuitesLocally(TestNG.java:1137)\n\tat org.testng.TestNG.runSuites(TestNG.java:1049)\n\tat org.testng.TestNG.run(TestNG.java:1017)\n\tat org.testng.IDEARemoteTestNG.run(IDEARemoteTestNG.java:73)\n\tat org.testng.RemoteTestNGStarter.main(RemoteTestNGStarter.java:123)\nCaused by: cucumber.runtime.CucumberException: Failed to instantiate class com.automation.qa.steps.mobile.HomeScreenSteps\n\tat cucumber.runtime.java.DefaultJavaObjectFactory.cacheNewInstance(DefaultJavaObjectFactory.java:47)\n\tat cucumber.runtime.java.DefaultJavaObjectFactory.getInstance(DefaultJavaObjectFactory.java:33)\n\tat cucumber.runtime.java.JavaStepDefinition.execute(JavaStepDefinition.java:38)\n\tat cucumber.runtime.StepDefinitionMatch.runStep(StepDefinitionMatch.java:37)\n\tat cucumber.runtime.Runtime.runStep(Runtime.java:300)\n\tat cucumber.runtime.model.StepContainer.runStep(StepContainer.java:44)\n\tat cucumber.runtime.model.StepContainer.runSteps(StepContainer.java:39)\n\tat cucumber.runtime.model.CucumberScenario.run(CucumberScenario.java:44)\n\tat cucumber.runtime.model.CucumberFeature.run(CucumberFeature.java:165)\n\tat cucumber.api.testng.TestNGCucumberRunner.runCucumber(TestNGCucumberRunner.java:63)\n\t... 25 more\nCaused by: java.lang.reflect.InvocationTargetException\n\tat sun.reflect.NativeConstructorAccessorImpl.newInstance0(Native Method)\n\tat sun.reflect.NativeConstructorAccessorImpl.newInstance(NativeConstructorAccessorImpl.java:62)\n\tat sun.reflect.DelegatingConstructorAccessorImpl.newInstance(DelegatingConstructorAccessorImpl.java:45)\n\tat java.lang.reflect.Constructor.newInstance(Constructor.java:423)\n\tat cucumber.runtime.java.DefaultJavaObjectFactory.cacheNewInstance(DefaultJavaObjectFactory.java:41)\n\t... 34 more\nCaused by: java.lang.IllegalArgumentException: Can not set io.appium.java_client.MobileElement field com.automation.qa.pages.mobile.HomeScreen.getStartedBtn to com.sun.proxy.$Proxy21\n\tat sun.reflect.UnsafeFieldAccessorImpl.throwSetIllegalArgumentException(UnsafeFieldAccessorImpl.java:167)\n\tat sun.reflect.UnsafeFieldAccessorImpl.throwSetIllegalArgumentException(UnsafeFieldAccessorImpl.java:171)\n\tat sun.reflect.UnsafeObjectFieldAccessorImpl.set(UnsafeObjectFieldAccessorImpl.java:81)\n\tat java.lang.reflect.Field.set(Field.java:764)\n\tat org.openqa.selenium.support.PageFactory.proxyFields(PageFactory.java:117)\n\tat org.openqa.selenium.support.PageFactory.initElements(PageFactory.java:105)\n\tat org.openqa.selenium.support.PageFactory.initElements(PageFactory.java:92)\n\tat org.openqa.selenium.support.PageFactory.initElements(PageFactory.java:79)\n\tat com.automation.qa.pages.mobile.HomeScreen.<init>(HomeScreen.java:16)\n\tat com.automation.qa.steps.mobile.HomeScreenSteps.<init>(HomeScreenSteps.java:7)\n\t... 39 more\n"},"stage":"finished","steps":[],"attachments":[{"name":"Page Screenshot","source":"423dddc7-bbe5-4a81-9020-043213115bc8-attachment","type":"image/png"}],"parameters":[{"name":"arg0","value":"Login"}],"start":1573213445005,"stop":1573213452885,"uuid":"44f8cb0f-8291-41ee-8c41-a0cae6d5d8ac","historyId":"e2060fa9792845e68bdfbdaaad086b96","fullName":"cucumber.api.testng.AbstractTestNGCucumberTests.feature","labels":[{"name":"package","value":"com.automation.qa.Runner.IOSMobileRunner"},{"name":"testClass","value":"com.automation.qa.Runner.IOSMobileRunner"},{"name":"testMethod","value":"feature"},{"name":"parentSuite","value":"Smoke Suite"},{"name":"suite","value":"Mobile Test - iOS"},{"name":"subSuite","value":"com.automation.qa.Runner.IOSMobileRunner"},{"name":"host","value":"ICPL13370-Vaishali.local"},{"name":"thread","value":"86312@ICPL13370-Vaishali.local.main(1)"},{"name":"framework","value":"testng"},{"name":"language","value":"java"}],"links":[]}