{"name":"Runs Cucumber Feature","status":"broken","statusDetails":{"known":false,"muted":false,"flaky":false,"message":"java.lang.AssertionError","trace":"cucumber.runtime.CucumberException: java.lang.AssertionError\n\tat cucumber.api.testng.TestNGCucumberRunner.runCucumber(TestNGCucumberRunner.java:69)\n\tat cucumber.api.testng.AbstractTestNGCucumberTests.feature(AbstractTestNGCucumberTests.java:21)\n\tat sun.reflect.NativeMethodAccessorImpl.invoke0(Native Method)\n\tat sun.reflect.NativeMethodAccessorImpl.invoke(NativeMethodAccessorImpl.java:62)\n\tat sun.reflect.DelegatingMethodAccessorImpl.invoke(DelegatingMethodAccessorImpl.java:43)\n\tat java.lang.reflect.Method.invoke(Method.java:498)\n\tat org.testng.internal.MethodInvocationHelper.invokeMethod(MethodInvocationHelper.java:124)\n\tat org.testng.internal.Invoker.invokeMethod(Invoker.java:583)\n\tat org.testng.internal.Invoker.invokeTestMethod(Invoker.java:719)\n\tat org.testng.internal.Invoker.invokeTestMethods(Invoker.java:989)\n\tat org.testng.internal.TestMethodWorker.invokeTestMethods(TestMethodWorker.java:125)\n\tat org.testng.internal.TestMethodWorker.run(TestMethodWorker.java:109)\n\tat org.testng.TestRunner.privateRun(TestRunner.java:648)\n\tat org.testng.TestRunner.run(TestRunner.java:505)\n\tat org.testng.SuiteRunner.runTest(SuiteRunner.java:455)\n\tat org.testng.SuiteRunner.runSequentially(SuiteRunner.java:450)\n\tat org.testng.SuiteRunner.privateRun(SuiteRunner.java:415)\n\tat org.testng.SuiteRunner.run(SuiteRunner.java:364)\n\tat org.testng.SuiteRunnerWorker.runSuite(SuiteRunnerWorker.java:52)\n\tat org.testng.SuiteRunnerWorker.run(SuiteRunnerWorker.java:84)\n\tat org.testng.TestNG.runSuitesSequentially(TestNG.java:1208)\n\tat org.testng.TestNG.runSuitesLocally(TestNG.java:1137)\n\tat org.testng.TestNG.runSuites(TestNG.java:1049)\n\tat org.testng.TestNG.run(TestNG.java:1017)\n\tat org.testng.IDEARemoteTestNG.run(IDEARemoteTestNG.java:73)\n\tat org.testng.RemoteTestNGStarter.main(RemoteTestNGStarter.java:123)\nCaused by: java.lang.AssertionError\n\tat org.junit.Assert.fail(Assert.java:86)\n\tat org.junit.Assert.assertTrue(Assert.java:41)\n\tat org.junit.Assert.assertTrue(Assert.java:52)\n\tat com.automation.qa.steps.HomePageSteps.verifyUserOnHomePage(HomePageSteps.java:12)\n\tat âœ½.Given Verify user on HomePage(./src/test/Feature/LoginScnearios.feature:5)\n"},"stage":"finished","steps":[],"attachments":[{"name":"Page Screenshot","source":"35dbe41f-5635-4f30-9648-ecf10a10941e-attachment","type":"image/png"}],"parameters":[{"name":"arg0","value":"Login"}],"start":1573127561962,"stop":1573127603625,"uuid":"94a3d691-1f1a-4048-8c28-3050fbcfb475","historyId":"a25e1433c08cfb59349646c339968d82","fullName":"cucumber.api.testng.AbstractTestNGCucumberTests.feature","labels":[{"name":"package","value":"com.automation.qa.Runner.SmokeRunner"},{"name":"testClass","value":"com.automation.qa.Runner.SmokeRunner"},{"name":"testMethod","value":"feature"},{"name":"parentSuite","value":"TestAll"},{"name":"suite","value":"order"},{"name":"subSuite","value":"com.automation.qa.Runner.SmokeRunner"},{"name":"host","value":"ICPL13370-Vaishali.local"},{"name":"thread","value":"79763@ICPL13370-Vaishali.local.main(1)"},{"name":"framework","value":"testng"},{"name":"language","value":"java"}],"links":[]}