{
  "uid" : "6a005073129baecc",
  "name" : "Runs Cucumber Feature",
  "fullName" : "cucumber.api.testng.AbstractTestNGCucumberTests.feature",
  "historyId" : "a25e1433c08cfb59349646c339968d82",
  "time" : {
    "start" : 1573127561962,
    "stop" : 1573127603625,
    "duration" : 41663
  },
  "status" : "broken",
  "statusMessage" : "java.lang.AssertionError",
  "statusTrace" : "cucumber.runtime.CucumberException: java.lang.AssertionError\n\tat cucumber.api.testng.TestNGCucumberRunner.runCucumber(TestNGCucumberRunner.java:69)\n\tat cucumber.api.testng.AbstractTestNGCucumberTests.feature(AbstractTestNGCucumberTests.java:21)\n\tat sun.reflect.NativeMethodAccessorImpl.invoke0(Native Method)\n\tat sun.reflect.NativeMethodAccessorImpl.invoke(NativeMethodAccessorImpl.java:62)\n\tat sun.reflect.DelegatingMethodAccessorImpl.invoke(DelegatingMethodAccessorImpl.java:43)\n\tat java.lang.reflect.Method.invoke(Method.java:498)\n\tat org.testng.internal.MethodInvocationHelper.invokeMethod(MethodInvocationHelper.java:124)\n\tat org.testng.internal.Invoker.invokeMethod(Invoker.java:583)\n\tat org.testng.internal.Invoker.invokeTestMethod(Invoker.java:719)\n\tat org.testng.internal.Invoker.invokeTestMethods(Invoker.java:989)\n\tat org.testng.internal.TestMethodWorker.invokeTestMethods(TestMethodWorker.java:125)\n\tat org.testng.internal.TestMethodWorker.run(TestMethodWorker.java:109)\n\tat org.testng.TestRunner.privateRun(TestRunner.java:648)\n\tat org.testng.TestRunner.run(TestRunner.java:505)\n\tat org.testng.SuiteRunner.runTest(SuiteRunner.java:455)\n\tat org.testng.SuiteRunner.runSequentially(SuiteRunner.java:450)\n\tat org.testng.SuiteRunner.privateRun(SuiteRunner.java:415)\n\tat org.testng.SuiteRunner.run(SuiteRunner.java:364)\n\tat org.testng.SuiteRunnerWorker.runSuite(SuiteRunnerWorker.java:52)\n\tat org.testng.SuiteRunnerWorker.run(SuiteRunnerWorker.java:84)\n\tat org.testng.TestNG.runSuitesSequentially(TestNG.java:1208)\n\tat org.testng.TestNG.runSuitesLocally(TestNG.java:1137)\n\tat org.testng.TestNG.runSuites(TestNG.java:1049)\n\tat org.testng.TestNG.run(TestNG.java:1017)\n\tat org.testng.IDEARemoteTestNG.run(IDEARemoteTestNG.java:73)\n\tat org.testng.RemoteTestNGStarter.main(RemoteTestNGStarter.java:123)\nCaused by: java.lang.AssertionError\n\tat org.junit.Assert.fail(Assert.java:86)\n\tat org.junit.Assert.assertTrue(Assert.java:41)\n\tat org.junit.Assert.assertTrue(Assert.java:52)\n\tat com.automation.qa.steps.HomePageSteps.verifyUserOnHomePage(HomePageSteps.java:12)\n\tat ✽.Given Verify user on HomePage(./src/test/Feature/LoginScnearios.feature:5)\n",
  "flaky" : false,
  "newFailed" : false,
  "beforeStages" : [ {
    "name" : "setUpClass",
    "time" : {
      "start" : 1573127561422,
      "stop" : 1573127561794,
      "duration" : 372
    },
    "description" : "",
    "status" : "passed",
    "steps" : [ ],
    "attachments" : [ ],
    "parameters" : [ ],
    "stepsCount" : 0,
    "attachmentsCount" : 0,
    "shouldDisplayMessage" : false,
    "hasContent" : false
  } ],
  "testStage" : {
    "status" : "broken",
    "statusMessage" : "java.lang.AssertionError",
    "statusTrace" : "cucumber.runtime.CucumberException: java.lang.AssertionError\n\tat cucumber.api.testng.TestNGCucumberRunner.runCucumber(TestNGCucumberRunner.java:69)\n\tat cucumber.api.testng.AbstractTestNGCucumberTests.feature(AbstractTestNGCucumberTests.java:21)\n\tat sun.reflect.NativeMethodAccessorImpl.invoke0(Native Method)\n\tat sun.reflect.NativeMethodAccessorImpl.invoke(NativeMethodAccessorImpl.java:62)\n\tat sun.reflect.DelegatingMethodAccessorImpl.invoke(DelegatingMethodAccessorImpl.java:43)\n\tat java.lang.reflect.Method.invoke(Method.java:498)\n\tat org.testng.internal.MethodInvocationHelper.invokeMethod(MethodInvocationHelper.java:124)\n\tat org.testng.internal.Invoker.invokeMethod(Invoker.java:583)\n\tat org.testng.internal.Invoker.invokeTestMethod(Invoker.java:719)\n\tat org.testng.internal.Invoker.invokeTestMethods(Invoker.java:989)\n\tat org.testng.internal.TestMethodWorker.invokeTestMethods(TestMethodWorker.java:125)\n\tat org.testng.internal.TestMethodWorker.run(TestMethodWorker.java:109)\n\tat org.testng.TestRunner.privateRun(TestRunner.java:648)\n\tat org.testng.TestRunner.run(TestRunner.java:505)\n\tat org.testng.SuiteRunner.runTest(SuiteRunner.java:455)\n\tat org.testng.SuiteRunner.runSequentially(SuiteRunner.java:450)\n\tat org.testng.SuiteRunner.privateRun(SuiteRunner.java:415)\n\tat org.testng.SuiteRunner.run(SuiteRunner.java:364)\n\tat org.testng.SuiteRunnerWorker.runSuite(SuiteRunnerWorker.java:52)\n\tat org.testng.SuiteRunnerWorker.run(SuiteRunnerWorker.java:84)\n\tat org.testng.TestNG.runSuitesSequentially(TestNG.java:1208)\n\tat org.testng.TestNG.runSuitesLocally(TestNG.java:1137)\n\tat org.testng.TestNG.runSuites(TestNG.java:1049)\n\tat org.testng.TestNG.run(TestNG.java:1017)\n\tat org.testng.IDEARemoteTestNG.run(IDEARemoteTestNG.java:73)\n\tat org.testng.RemoteTestNGStarter.main(RemoteTestNGStarter.java:123)\nCaused by: java.lang.AssertionError\n\tat org.junit.Assert.fail(Assert.java:86)\n\tat org.junit.Assert.assertTrue(Assert.java:41)\n\tat org.junit.Assert.assertTrue(Assert.java:52)\n\tat com.automation.qa.steps.HomePageSteps.verifyUserOnHomePage(HomePageSteps.java:12)\n\tat ✽.Given Verify user on HomePage(./src/test/Feature/LoginScnearios.feature:5)\n",
    "steps" : [ ],
    "attachments" : [ {
      "uid" : "8d63730f7cab50b5",
      "name" : "Page Screenshot",
      "source" : "8d63730f7cab50b5.png",
      "type" : "image/png",
      "size" : 2249097
    } ],
    "parameters" : [ ],
    "stepsCount" : 0,
    "attachmentsCount" : 1,
    "shouldDisplayMessage" : true,
    "hasContent" : true
  },
  "afterStages" : [ {
    "name" : "tearDownClass",
    "time" : {
      "start" : 1573127604953,
      "stop" : 1573127604958,
      "duration" : 5
    },
    "description" : "",
    "status" : "passed",
    "steps" : [ ],
    "attachments" : [ ],
    "parameters" : [ ],
    "stepsCount" : 0,
    "attachmentsCount" : 0,
    "shouldDisplayMessage" : false,
    "hasContent" : false
  } ],
  "labels" : [ {
    "name" : "package",
    "value" : "com.automation.qa.Runner.SmokeRunner"
  }, {
    "name" : "testClass",
    "value" : "com.automation.qa.Runner.SmokeRunner"
  }, {
    "name" : "testMethod",
    "value" : "feature"
  }, {
    "name" : "parentSuite",
    "value" : "TestAll"
  }, {
    "name" : "suite",
    "value" : "order"
  }, {
    "name" : "subSuite",
    "value" : "com.automation.qa.Runner.SmokeRunner"
  }, {
    "name" : "host",
    "value" : "ICPL13370-Vaishali.local"
  }, {
    "name" : "thread",
    "value" : "79763@ICPL13370-Vaishali.local.main(1)"
  }, {
    "name" : "framework",
    "value" : "testng"
  }, {
    "name" : "language",
    "value" : "java"
  }, {
    "name" : "resultFormat",
    "value" : "allure2"
  } ],
  "parameters" : [ {
    "name" : "arg0",
    "value" : "Login"
  } ],
  "links" : [ ],
  "hidden" : true,
  "retry" : true,
  "extra" : {
    "categories" : [ ],
    "tags" : [ ]
  },
  "source" : "6a005073129baecc.json",
  "parameterValues" : [ "Login" ]
}